[[1;34mINFO[m] Scanning for projects...
[[1;33mWARNING[m] The project com.infy.catalyst.otsc:otsc:war:0.0.1-SNAPSHOT uses prerequisites which is only intended for maven-plugin projects but not for non maven-plugin projects. For such purposes you should use the maven-enforcer-plugin. See https://maven.apache.org/enforcer/enforcer-rules/requireMavenVersion.html
[[1;34mINFO[m] 
[[1;34mINFO[m] [1m--------------------< [0;36mcom.infy.catalyst.otsc:otsc[0;1m >---------------------[m
[[1;34mINFO[m] [1mBuilding Otsc 0.0.1-SNAPSHOT[m
[[1;34mINFO[m] [1m--------------------------------[ war ]---------------------------------[m
[[1;34mINFO[m] 
[[1;34mINFO[m] [1m>>> [0;32mspring-boot-maven-plugin:1.5.2.RELEASE:run[m [1m(default-cli)[0;1m > [0;1mtest-compile[m @ [36motsc[0;1m >>>[m
[[1;34mINFO[m] 
[[1;34mINFO[m] [1m--- [0;32mmaven-resources-plugin:3.0.1:copy-resources[m [1m(default-resources)[m @ [36motsc[0;1m ---[m
[[1;34mINFO[m] Using 'UTF-8' encoding to copy filtered resources.
[[1;34mINFO[m] Copying 4 resources
[[1;34mINFO[m] Copying 39 resources
[[1;34mINFO[m] 
[[1;34mINFO[m] [1m--- [0;32mmaven-resources-plugin:3.0.1:resources[m [1m(default-resources)[m @ [36motsc[0;1m ---[m
[[1;34mINFO[m] Using 'UTF-8' encoding to copy filtered resources.
[[1;34mINFO[m] Copying 4 resources
[[1;34mINFO[m] Copying 39 resources
[[1;34mINFO[m] 
[[1;34mINFO[m] [1m--- [0;32mmaven-enforcer-plugin:1.4.1:enforce[m [1m(enforce-versions)[m @ [36motsc[0;1m ---[m
[[1;34mINFO[m] 
[[1;34mINFO[m] [1m--- [0;32mjacoco-maven-plugin:0.7.9:prepare-agent[m [1m(pre-unit-tests)[m @ [36motsc[0;1m ---[m
[[1;34mINFO[m] argLine set to -javaagent:/root/.m2/repository/org/jacoco/org.jacoco.agent/0.7.9/org.jacoco.agent-0.7.9-runtime.jar=destfile=/git/otsc/target/test-results/coverage/jacoco/jacoco.exec -Djava.security.egd=file:/dev/./urandom -Xmx256m
[[1;34mINFO[m] 
[[1;34mINFO[m] [1m--- [0;32mmaven-compiler-plugin:3.6.0:compile[m [1m(default-compile)[m @ [36motsc[0;1m ---[m
[[1;34mINFO[m] Changes detected - recompiling the module!
[[1;34mINFO[m] Compiling 118 source files to /git/otsc/target/classes
[[1;34mINFO[m] /git/otsc/src/main/java/com/infy/catalyst/otsc/publish/integration/TMFProductSpecificationModel.java: Some input files use unchecked or unsafe operations.
[[1;34mINFO[m] /git/otsc/src/main/java/com/infy/catalyst/otsc/publish/integration/TMFProductSpecificationModel.java: Recompile with -Xlint:unchecked for details.
[[1;34mINFO[m] 
[[1;34mINFO[m] [1m--- [0;32mmaven-resources-plugin:3.0.1:testResources[m [1m(default-testResources)[m @ [36motsc[0;1m ---[m
[[1;34mINFO[m] Using 'UTF-8' encoding to copy filtered resources.
[[1;34mINFO[m] Copying 2 resources
[[1;34mINFO[m] 
[[1;34mINFO[m] [1m--- [0;32mmaven-compiler-plugin:3.6.0:testCompile[m [1m(default-testCompile)[m @ [36motsc[0;1m ---[m
[[1;34mINFO[m] Nothing to compile - all classes are up to date
[[1;34mINFO[m] 
[[1;34mINFO[m] [1m<<< [0;32mspring-boot-maven-plugin:1.5.2.RELEASE:run[m [1m(default-cli)[0;1m < [0;1mtest-compile[m @ [36motsc[0;1m <<<[m
[[1;34mINFO[m] 
[[1;34mINFO[m] 
[[1;34mINFO[m] [1m--- [0;32mspring-boot-maven-plugin:1.5.2.RELEASE:run[m [1m(default-cli)[m @ [36motsc[0;1m ---[m
[[1;34mINFO[m] Attaching agents: []
12:25:01.155 [main] DEBUG org.springframework.boot.devtools.settings.DevToolsSettings - Included patterns for restart : []
12:25:01.159 [main] DEBUG org.springframework.boot.devtools.settings.DevToolsSettings - Excluded patterns for restart : [/spring-boot-starter/target/classes/, /spring-boot-autoconfigure/target/classes/, /spring-boot-starter-[\w-]+/, /spring-boot/target/classes/, /spring-boot-actuator/target/classes/, /spring-boot-devtools/target/classes/]
12:25:01.160 [main] DEBUG org.springframework.boot.devtools.restart.ChangeableUrls - Matching URLs for reloading : [file:/git/otsc/target/classes/]

        â–ˆâ–ˆâ•— â–ˆâ–ˆâ•—   â–ˆâ–ˆâ•— â–ˆâ–ˆâ–ˆâ–ˆâ–ˆâ–ˆâ–ˆâ–ˆâ•— â–ˆâ–ˆâ–ˆâ–ˆâ–ˆâ–ˆâ–ˆâ•—   â–ˆâ–ˆâ–ˆâ–ˆâ–ˆâ–ˆâ•— â–ˆâ–ˆâ–ˆâ–ˆâ–ˆâ–ˆâ–ˆâ–ˆâ•— â–ˆâ–ˆâ–ˆâ–ˆâ–ˆâ–ˆâ–ˆâ–ˆâ•— â–ˆâ–ˆâ–ˆâ–ˆâ–ˆâ–ˆâ–ˆâ•—
        â–ˆâ–ˆâ•‘ â–ˆâ–ˆâ•‘   â–ˆâ–ˆâ•‘ â•šâ•â•â–ˆâ–ˆâ•”â•â•â• â–ˆâ–ˆâ•”â•â•â•â–ˆâ–ˆâ•— â–ˆâ–ˆâ•”â•â•â•â•â• â•šâ•â•â–ˆâ–ˆâ•”â•â•â• â–ˆâ–ˆâ•”â•â•â•â•â•â• â–ˆâ–ˆâ•”â•â•â•â–ˆâ–ˆâ•—
        â–ˆâ–ˆâ•‘ â–ˆâ–ˆâ–ˆâ–ˆâ–ˆâ–ˆâ–ˆâ–ˆâ•‘    â–ˆâ–ˆâ•‘    â–ˆâ–ˆâ–ˆâ–ˆâ–ˆâ–ˆâ–ˆâ•”â• â•šâ–ˆâ–ˆâ–ˆâ–ˆâ–ˆâ•—     â–ˆâ–ˆâ•‘    â–ˆâ–ˆâ–ˆâ–ˆâ–ˆâ–ˆâ•—   â–ˆâ–ˆâ–ˆâ–ˆâ–ˆâ–ˆâ–ˆâ•”â•
  â–ˆâ–ˆâ•—   â–ˆâ–ˆâ•‘ â–ˆâ–ˆâ•”â•â•â•â–ˆâ–ˆâ•‘    â–ˆâ–ˆâ•‘    â–ˆâ–ˆâ•”â•â•â•â•â•   â•šâ•â•â•â–ˆâ–ˆâ•—    â–ˆâ–ˆâ•‘    â–ˆâ–ˆâ•”â•â•â•â•   â–ˆâ–ˆâ•”â•â•â–ˆâ–ˆâ•‘
  â•šâ–ˆâ–ˆâ–ˆâ–ˆâ–ˆâ–ˆâ•”â• â–ˆâ–ˆâ•‘   â–ˆâ–ˆâ•‘ â–ˆâ–ˆâ–ˆâ–ˆâ–ˆâ–ˆâ–ˆâ–ˆâ•— â–ˆâ–ˆâ•‘       â–ˆâ–ˆâ–ˆâ–ˆâ–ˆâ–ˆâ•”â•    â–ˆâ–ˆâ•‘    â–ˆâ–ˆâ–ˆâ–ˆâ–ˆâ–ˆâ–ˆâ–ˆâ•— â–ˆâ–ˆâ•‘  â•šâ–ˆâ–ˆâ•—
   â•šâ•â•â•â•â•â•  â•šâ•â•   â•šâ•â• â•šâ•â•â•â•â•â•â•â• â•šâ•â•       â•šâ•â•â•â•â•â•     â•šâ•â•    â•šâ•â•â•â•â•â•â•â• â•šâ•â•   â•šâ•â•

:: JHipster ðŸ¤“  :: Running Spring Boot 1.5.2.RELEASE ::
:: http://jhipster.github.io ::

2019-06-15 12:25:02.078  INFO 110877 --- [  restartedMain] com.infy.catalyst.otsc.OtscApp           : Starting OtscApp on otsc-vm with PID 110877 (/git/otsc/target/classes started by root in /git/otsc)
2019-06-15 12:25:02.079 DEBUG 110877 --- [  restartedMain] com.infy.catalyst.otsc.OtscApp           : Running with Spring Boot v1.5.2.RELEASE, Spring v4.3.7.RELEASE
2019-06-15 12:25:02.079  INFO 110877 --- [  restartedMain] com.infy.catalyst.otsc.OtscApp           : The following profiles are active: swagger,dev
2019-06-15 12:25:02.666 DEBUG 110877 --- [kground-preinit] org.jboss.logging                        : Logging Provider: org.jboss.logging.Slf4jLoggerProvider found via system property
2019-06-15 12:25:06.035 DEBUG 110877 --- [  restartedMain] c.i.c.otsc.config.AsyncConfiguration     : Creating Async Task Executor
2019-06-15 12:25:06.521 DEBUG 110877 --- [  restartedMain] c.i.c.otsc.config.MetricsConfiguration   : Registering JVM gauges
2019-06-15 12:25:06.596 DEBUG 110877 --- [  restartedMain] c.i.c.otsc.config.MetricsConfiguration   : Initializing Metrics JMX reporting
2019-06-15 12:25:08.115  INFO 110877 --- [  restartedMain] c.i.catalyst.otsc.config.WebConfigurer   : Web application configuration, using profiles: swagger
2019-06-15 12:25:08.116 DEBUG 110877 --- [  restartedMain] c.i.catalyst.otsc.config.WebConfigurer   : Initializing Metrics registries
2019-06-15 12:25:08.119 DEBUG 110877 --- [  restartedMain] c.i.catalyst.otsc.config.WebConfigurer   : Registering Metrics Filter
2019-06-15 12:25:08.120 DEBUG 110877 --- [  restartedMain] c.i.catalyst.otsc.config.WebConfigurer   : Registering Metrics Servlet
2019-06-15 12:25:08.123  INFO 110877 --- [  restartedMain] c.i.catalyst.otsc.config.WebConfigurer   : Web application fully configured
2019-06-15 12:25:39.099  WARN 110877 --- [  restartedMain] ationConfigEmbeddedWebApplicationContext : Exception encountered during context initialization - cancelling refresh attempt: org.springframework.beans.factory.UnsatisfiedDependencyException: Error creating bean with name 'securityConfiguration' defined in file [/git/otsc/target/classes/com/infy/catalyst/otsc/config/SecurityConfiguration.class]: Unsatisfied dependency expressed through constructor parameter 1; nested exception is org.springframework.beans.factory.UnsatisfiedDependencyException: Error creating bean with name 'userDetailsService' defined in file [/git/otsc/target/classes/com/infy/catalyst/otsc/security/DomainUserDetailsService.class]: Unsatisfied dependency expressed through constructor parameter 0; nested exception is org.springframework.beans.factory.BeanCreationException: Error creating bean with name 'userRepository': Cannot resolve reference to bean 'mongoTemplate' while setting bean property 'mongoOperations'; nested exception is org.springframework.beans.factory.BeanCreationException: Error creating bean with name 'mongoTemplate' defined in class path resource [org/springframework/boot/autoconfigure/data/mongo/MongoDataAutoConfiguration.class]: Bean instantiation via factory method failed; nested exception is org.springframework.beans.BeanInstantiationException: Failed to instantiate [org.springframework.data.mongodb.core.MongoTemplate]: Factory method 'mongoTemplate' threw exception; nested exception is org.springframework.dao.DataAccessResourceFailureException: Timed out after 30000 ms while waiting for a server that matches WritableServerSelector. Client view of cluster state is {type=UNKNOWN, servers=[{address=ds363996.mlab.com:63996, type=UNKNOWN, state=CONNECTING, exception={com.mongodb.MongoSecurityException: Exception authenticating MongoCredential{mechanism=null, userName='CloudFoundry_4lu8afsf_6ctgt8de_apn5fbaf', source='admin', password=<hidden>, mechanismProperties={}}}, caused by {com.mongodb.MongoCommandException: Command failed with error 18: 'Authentication failed.' on server ds363996.mlab.com:63996. The full response is { "ok" : 0.0, "errmsg" : "Authentication failed.", "code" : 18, "codeName" : "AuthenticationFailed", "operationTime" : { "$timestamp" : { "t" : 1560601538, "i" : 1 } }, "$clusterTime" : { "clusterTime" : { "$timestamp" : { "t" : 1560601538, "i" : 1 } }, "signature" : { "hash" : { "$binary" : "++Z4s8nTIrz2mYZVXMz+g2RI9Jk=", "$type" : "00" }, "keyId" : { "$numberLong" : "6696944227487580161" } } } }}}]; nested exception is com.mongodb.MongoTimeoutException: Timed out after 30000 ms while waiting for a server that matches WritableServerSelector. Client view of cluster state is {type=UNKNOWN, servers=[{address=ds363996.mlab.com:63996, type=UNKNOWN, state=CONNECTING, exception={com.mongodb.MongoSecurityException: Exception authenticating MongoCredential{mechanism=null, userName='CloudFoundry_4lu8afsf_6ctgt8de_apn5fbaf', source='admin', password=<hidden>, mechanismProperties={}}}, caused by {com.mongodb.MongoCommandException: Command failed with error 18: 'Authentication failed.' on server ds363996.mlab.com:63996. The full response is { "ok" : 0.0, "errmsg" : "Authentication failed.", "code" : 18, "codeName" : "AuthenticationFailed", "operationTime" : { "$timestamp" : { "t" : 1560601538, "i" : 1 } }, "$clusterTime" : { "clusterTime" : { "$timestamp" : { "t" : 1560601538, "i" : 1 } }, "signature" : { "hash" : { "$binary" : "++Z4s8nTIrz2mYZVXMz+g2RI9Jk=", "$type" : "00" }, "keyId" : { "$numberLong" : "6696944227487580161" } } } }}}]
2019-06-15 12:25:39.138 ERROR 110877 --- [  restartedMain] o.s.boot.SpringApplication               : Application startup failed

org.springframework.beans.factory.UnsatisfiedDependencyException: Error creating bean with name 'securityConfiguration' defined in file [/git/otsc/target/classes/com/infy/catalyst/otsc/config/SecurityConfiguration.class]: Unsatisfied dependency expressed through constructor parameter 1; nested exception is org.springframework.beans.factory.UnsatisfiedDependencyException: Error creating bean with name 'userDetailsService' defined in file [/git/otsc/target/classes/com/infy/catalyst/otsc/security/DomainUserDetailsService.class]: Unsatisfied dependency expressed through constructor parameter 0; nested exception is org.springframework.beans.factory.BeanCreationException: Error creating bean with name 'userRepository': Cannot resolve reference to bean 'mongoTemplate' while setting bean property 'mongoOperations'; nested exception is org.springframework.beans.factory.BeanCreationException: Error creating bean with name 'mongoTemplate' defined in class path resource [org/springframework/boot/autoconfigure/data/mongo/MongoDataAutoConfiguration.class]: Bean instantiation via factory method failed; nested exception is org.springframework.beans.BeanInstantiationException: Failed to instantiate [org.springframework.data.mongodb.core.MongoTemplate]: Factory method 'mongoTemplate' threw exception; nested exception is org.springframework.dao.DataAccessResourceFailureException: Timed out after 30000 ms while waiting for a server that matches WritableServerSelector. Client view of cluster state is {type=UNKNOWN, servers=[{address=ds363996.mlab.com:63996, type=UNKNOWN, state=CONNECTING, exception={com.mongodb.MongoSecurityException: Exception authenticating MongoCredential{mechanism=null, userName='CloudFoundry_4lu8afsf_6ctgt8de_apn5fbaf', source='admin', password=<hidden>, mechanismProperties={}}}, caused by {com.mongodb.MongoCommandException: Command failed with error 18: 'Authentication failed.' on server ds363996.mlab.com:63996. The full response is { "ok" : 0.0, "errmsg" : "Authentication failed.", "code" : 18, "codeName" : "AuthenticationFailed", "operationTime" : { "$timestamp" : { "t" : 1560601538, "i" : 1 } }, "$clusterTime" : { "clusterTime" : { "$timestamp" : { "t" : 1560601538, "i" : 1 } }, "signature" : { "hash" : { "$binary" : "++Z4s8nTIrz2mYZVXMz+g2RI9Jk=", "$type" : "00" }, "keyId" : { "$numberLong" : "6696944227487580161" } } } }}}]; nested exception is com.mongodb.MongoTimeoutException: Timed out after 30000 ms while waiting for a server that matches WritableServerSelector. Client view of cluster state is {type=UNKNOWN, servers=[{address=ds363996.mlab.com:63996, type=UNKNOWN, state=CONNECTING, exception={com.mongodb.MongoSecurityException: Exception authenticating MongoCredential{mechanism=null, userName='CloudFoundry_4lu8afsf_6ctgt8de_apn5fbaf', source='admin', password=<hidden>, mechanismProperties={}}}, caused by {com.mongodb.MongoCommandException: Command failed with error 18: 'Authentication failed.' on server ds363996.mlab.com:63996. The full response is { "ok" : 0.0, "errmsg" : "Authentication failed.", "code" : 18, "codeName" : "AuthenticationFailed", "operationTime" : { "$timestamp" : { "t" : 1560601538, "i" : 1 } }, "$clusterTime" : { "clusterTime" : { "$timestamp" : { "t" : 1560601538, "i" : 1 } }, "signature" : { "hash" : { "$binary" : "++Z4s8nTIrz2mYZVXMz+g2RI9Jk=", "$type" : "00" }, "keyId" : { "$numberLong" : "6696944227487580161" } } } }}}]
	at org.springframework.beans.factory.support.ConstructorResolver.createArgumentArray(ConstructorResolver.java:749)
	at org.springframework.beans.factory.support.ConstructorResolver.autowireConstructor(ConstructorResolver.java:189)
	at org.springframework.beans.factory.support.AbstractAutowireCapableBeanFactory.autowireConstructor(AbstractAutowireCapableBeanFactory.java:1193)
	at org.springframework.beans.factory.support.AbstractAutowireCapableBeanFactory.createBeanInstance(AbstractAutowireCapableBeanFactory.java:1095)
	at org.springframework.beans.factory.support.AbstractAutowireCapableBeanFactory.doCreateBean(AbstractAutowireCapableBeanFactory.java:513)
	at org.springframework.beans.factory.support.AbstractAutowireCapableBeanFactory.createBean(AbstractAutowireCapableBeanFactory.java:483)
	at org.springframework.beans.factory.support.AbstractBeanFactory$1.getObject(AbstractBeanFactory.java:306)
	at org.springframework.beans.factory.support.DefaultSingletonBeanRegistry.getSingleton(DefaultSingletonBeanRegistry.java:230)
	at org.springframework.beans.factory.support.AbstractBeanFactory.doGetBean(AbstractBeanFactory.java:302)
	at org.springframework.beans.factory.support.AbstractBeanFactory.getBean(AbstractBeanFactory.java:197)
	at org.springframework.beans.factory.support.DefaultListableBeanFactory.preInstantiateSingletons(DefaultListableBeanFactory.java:761)
	at org.springframework.context.support.AbstractApplicationContext.finishBeanFactoryInitialization(AbstractApplicationContext.java:866)
	at org.springframework.context.support.AbstractApplicationContext.refresh(AbstractApplicationContext.java:542)
	at org.springframework.boot.context.embedded.EmbeddedWebApplicationContext.refresh(EmbeddedWebApplicationContext.java:122)
	at org.springframework.boot.SpringApplication.refresh(SpringApplication.java:737)
	at org.springframework.boot.SpringApplication.refreshContext(SpringApplication.java:370)
	at org.springframework.boot.SpringApplication.run(SpringApplication.java:314)
	at com.infy.catalyst.otsc.OtscApp.main(OtscApp.java:82)
	at sun.reflect.NativeMethodAccessorImpl.invoke0(Native Method)
	at sun.reflect.NativeMethodAccessorImpl.invoke(NativeMethodAccessorImpl.java:62)
	at sun.reflect.DelegatingMethodAccessorImpl.invoke(DelegatingMethodAccessorImpl.java:43)
	at java.lang.reflect.Method.invoke(Method.java:498)
	at org.springframework.boot.devtools.restart.RestartLauncher.run(RestartLauncher.java:49)
Caused by: org.springframework.beans.factory.UnsatisfiedDependencyException: Error creating bean with name 'userDetailsService' defined in file [/git/otsc/target/classes/com/infy/catalyst/otsc/security/DomainUserDetailsService.class]: Unsatisfied dependency expressed through constructor parameter 0; nested exception is org.springframework.beans.factory.BeanCreationException: Error creating bean with name 'userRepository': Cannot resolve reference to bean 'mongoTemplate' while setting bean property 'mongoOperations'; nested exception is org.springframework.beans.factory.BeanCreationException: Error creating bean with name 'mongoTemplate' defined in class path resource [org/springframework/boot/autoconfigure/data/mongo/MongoDataAutoConfiguration.class]: Bean instantiation via factory method failed; nested exception is org.springframework.beans.BeanInstantiationException: Failed to instantiate [org.springframework.data.mongodb.core.MongoTemplate]: Factory method 'mongoTemplate' threw exception; nested exception is org.springframework.dao.DataAccessResourceFailureException: Timed out after 30000 ms while waiting for a server that matches WritableServerSelector. Client view of cluster state is {type=UNKNOWN, servers=[{address=ds363996.mlab.com:63996, type=UNKNOWN, state=CONNECTING, exception={com.mongodb.MongoSecurityException: Exception authenticating MongoCredential{mechanism=null, userName='CloudFoundry_4lu8afsf_6ctgt8de_apn5fbaf', source='admin', password=<hidden>, mechanismProperties={}}}, caused by {com.mongodb.MongoCommandException: Command failed with error 18: 'Authentication failed.' on server ds363996.mlab.com:63996. The full response is { "ok" : 0.0, "errmsg" : "Authentication failed.", "code" : 18, "codeName" : "AuthenticationFailed", "operationTime" : { "$timestamp" : { "t" : 1560601538, "i" : 1 } }, "$clusterTime" : { "clusterTime" : { "$timestamp" : { "t" : 1560601538, "i" : 1 } }, "signature" : { "hash" : { "$binary" : "++Z4s8nTIrz2mYZVXMz+g2RI9Jk=", "$type" : "00" }, "keyId" : { "$numberLong" : "6696944227487580161" } } } }}}]; nested exception is com.mongodb.MongoTimeoutException: Timed out after 30000 ms while waiting for a server that matches WritableServerSelector. Client view of cluster state is {type=UNKNOWN, servers=[{address=ds363996.mlab.com:63996, type=UNKNOWN, state=CONNECTING, exception={com.mongodb.MongoSecurityException: Exception authenticating MongoCredential{mechanism=null, userName='CloudFoundry_4lu8afsf_6ctgt8de_apn5fbaf', source='admin', password=<hidden>, mechanismProperties={}}}, caused by {com.mongodb.MongoCommandException: Command failed with error 18: 'Authentication failed.' on server ds363996.mlab.com:63996. The full response is { "ok" : 0.0, "errmsg" : "Authentication failed.", "code" : 18, "codeName" : "AuthenticationFailed", "operationTime" : { "$timestamp" : { "t" : 1560601538, "i" : 1 } }, "$clusterTime" : { "clusterTime" : { "$timestamp" : { "t" : 1560601538, "i" : 1 } }, "signature" : { "hash" : { "$binary" : "++Z4s8nTIrz2mYZVXMz+g2RI9Jk=", "$type" : "00" }, "keyId" : { "$numberLong" : "6696944227487580161" } } } }}}]
	at org.springframework.beans.factory.support.ConstructorResolver.createArgumentArray(ConstructorResolver.java:749)
	at org.springframework.beans.factory.support.ConstructorResolver.autowireConstructor(ConstructorResolver.java:189)
	at org.springframework.beans.factory.support.AbstractAutowireCapableBeanFactory.autowireConstructor(AbstractAutowireCapableBeanFactory.java:1193)
	at org.springframework.beans.factory.support.AbstractAutowireCapableBeanFactory.createBeanInstance(AbstractAutowireCapableBeanFactory.java:1095)
	at org.springframework.beans.factory.support.AbstractAutowireCapableBeanFactory.doCreateBean(AbstractAutowireCapableBeanFactory.java:513)
	at org.springframework.beans.factory.support.AbstractAutowireCapableBeanFactory.createBean(AbstractAutowireCapableBeanFactory.java:483)
	at org.springframework.beans.factory.support.AbstractBeanFactory$1.getObject(AbstractBeanFactory.java:306)
	at org.springframework.beans.factory.support.DefaultSingletonBeanRegistry.getSingleton(DefaultSingletonBeanRegistry.java:230)
	at org.springframework.beans.factory.support.AbstractBeanFactory.doGetBean(AbstractBeanFactory.java:302)
	at org.springframework.beans.factory.support.AbstractBeanFactory.getBean(AbstractBeanFactory.java:202)
	at org.springframework.beans.factory.config.DependencyDescriptor.resolveCandidate(DependencyDescriptor.java:208)
	at org.springframework.beans.factory.support.DefaultListableBeanFactory.doResolveDependency(DefaultListableBeanFactory.java:1138)
	at org.springframework.beans.factory.support.DefaultListableBeanFactory.resolveDependency(DefaultListableBeanFactory.java:1066)
	at org.springframework.beans.factory.support.ConstructorResolver.resolveAutowiredArgument(ConstructorResolver.java:835)
	at org.springframework.beans.factory.support.ConstructorResolver.createArgumentArray(ConstructorResolver.java:741)
	... 22 common frames omitted
Caused by: org.springframework.beans.factory.BeanCreationException: Error creating bean with name 'userRepository': Cannot resolve reference to bean 'mongoTemplate' while setting bean property 'mongoOperations'; nested exception is org.springframework.beans.factory.BeanCreationException: Error creating bean with name 'mongoTemplate' defined in class path resource [org/springframework/boot/autoconfigure/data/mongo/MongoDataAutoConfiguration.class]: Bean instantiation via factory method failed; nested exception is org.springframework.beans.BeanInstantiationException: Failed to instantiate [org.springframework.data.mongodb.core.MongoTemplate]: Factory method 'mongoTemplate' threw exception; nested exception is org.springframework.dao.DataAccessResourceFailureException: Timed out after 30000 ms while waiting for a server that matches WritableServerSelector. Client view of cluster state is {type=UNKNOWN, servers=[{address=ds363996.mlab.com:63996, type=UNKNOWN, state=CONNECTING, exception={com.mongodb.MongoSecurityException: Exception authenticating MongoCredential{mechanism=null, userName='CloudFoundry_4lu8afsf_6ctgt8de_apn5fbaf', source='admin', password=<hidden>, mechanismProperties={}}}, caused by {com.mongodb.MongoCommandException: Command failed with error 18: 'Authentication failed.' on server ds363996.mlab.com:63996. The full response is { "ok" : 0.0, "errmsg" : "Authentication failed.", "code" : 18, "codeName" : "AuthenticationFailed", "operationTime" : { "$timestamp" : { "t" : 1560601538, "i" : 1 } }, "$clusterTime" : { "clusterTime" : { "$timestamp" : { "t" : 1560601538, "i" : 1 } }, "signature" : { "hash" : { "$binary" : "++Z4s8nTIrz2mYZVXMz+g2RI9Jk=", "$type" : "00" }, "keyId" : { "$numberLong" : "6696944227487580161" } } } }}}]; nested exception is com.mongodb.MongoTimeoutException: Timed out after 30000 ms while waiting for a server that matches WritableServerSelector. Client view of cluster state is {type=UNKNOWN, servers=[{address=ds363996.mlab.com:63996, type=UNKNOWN, state=CONNECTING, exception={com.mongodb.MongoSecurityException: Exception authenticating MongoCredential{mechanism=null, userName='CloudFoundry_4lu8afsf_6ctgt8de_apn5fbaf', source='admin', password=<hidden>, mechanismProperties={}}}, caused by {com.mongodb.MongoCommandException: Command failed with error 18: 'Authentication failed.' on server ds363996.mlab.com:63996. The full response is { "ok" : 0.0, "errmsg" : "Authentication failed.", "code" : 18, "codeName" : "AuthenticationFailed", "operationTime" : { "$timestamp" : { "t" : 1560601538, "i" : 1 } }, "$clusterTime" : { "clusterTime" : { "$timestamp" : { "t" : 1560601538, "i" : 1 } }, "signature" : { "hash" : { "$binary" : "++Z4s8nTIrz2mYZVXMz+g2RI9Jk=", "$type" : "00" }, "keyId" : { "$numberLong" : "6696944227487580161" } } } }}}]
	at org.springframework.beans.factory.support.BeanDefinitionValueResolver.resolveReference(BeanDefinitionValueResolver.java:359)
	at org.springframework.beans.factory.support.BeanDefinitionValueResolver.resolveValueIfNecessary(BeanDefinitionValueResolver.java:108)
	at org.springframework.beans.factory.support.AbstractAutowireCapableBeanFactory.applyPropertyValues(AbstractAutowireCapableBeanFactory.java:1531)
	at org.springframework.beans.factory.support.AbstractAutowireCapableBeanFactory.populateBean(AbstractAutowireCapableBeanFactory.java:1276)
	at org.springframework.beans.factory.support.AbstractAutowireCapableBeanFactory.doCreateBean(AbstractAutowireCapableBeanFactory.java:553)
	at org.springframework.beans.factory.support.AbstractAutowireCapableBeanFactory.createBean(AbstractAutowireCapableBeanFactory.java:483)
	at org.springframework.beans.factory.support.AbstractBeanFactory$1.getObject(AbstractBeanFactory.java:306)
	at org.springframework.beans.factory.support.DefaultSingletonBeanRegistry.getSingleton(DefaultSingletonBeanRegistry.java:230)
	at org.springframework.beans.factory.support.AbstractBeanFactory.doGetBean(AbstractBeanFactory.java:302)
	at org.springframework.beans.factory.support.AbstractBeanFactory.getBean(AbstractBeanFactory.java:202)
	at org.springframework.beans.factory.config.DependencyDescriptor.resolveCandidate(DependencyDescriptor.java:208)
	at org.springframework.beans.factory.support.DefaultListableBeanFactory.doResolveDependency(DefaultListableBeanFactory.java:1138)
	at org.springframework.beans.factory.support.DefaultListableBeanFactory.resolveDependency(DefaultListableBeanFactory.java:1066)
	at org.springframework.beans.factory.support.ConstructorResolver.resolveAutowiredArgument(ConstructorResolver.java:835)
	at org.springframework.beans.factory.support.ConstructorResolver.createArgumentArray(ConstructorResolver.java:741)
	... 36 common frames omitted
Caused by: org.springframework.beans.factory.BeanCreationException: Error creating bean with name 'mongoTemplate' defined in class path resource [org/springframework/boot/autoconfigure/data/mongo/MongoDataAutoConfiguration.class]: Bean instantiation via factory method failed; nested exception is org.springframework.beans.BeanInstantiationException: Failed to instantiate [org.springframework.data.mongodb.core.MongoTemplate]: Factory method 'mongoTemplate' threw exception; nested exception is org.springframework.dao.DataAccessResourceFailureException: Timed out after 30000 ms while waiting for a server that matches WritableServerSelector. Client view of cluster state is {type=UNKNOWN, servers=[{address=ds363996.mlab.com:63996, type=UNKNOWN, state=CONNECTING, exception={com.mongodb.MongoSecurityException: Exception authenticating MongoCredential{mechanism=null, userName='CloudFoundry_4lu8afsf_6ctgt8de_apn5fbaf', source='admin', password=<hidden>, mechanismProperties={}}}, caused by {com.mongodb.MongoCommandException: Command failed with error 18: 'Authentication failed.' on server ds363996.mlab.com:63996. The full response is { "ok" : 0.0, "errmsg" : "Authentication failed.", "code" : 18, "codeName" : "AuthenticationFailed", "operationTime" : { "$timestamp" : { "t" : 1560601538, "i" : 1 } }, "$clusterTime" : { "clusterTime" : { "$timestamp" : { "t" : 1560601538, "i" : 1 } }, "signature" : { "hash" : { "$binary" : "++Z4s8nTIrz2mYZVXMz+g2RI9Jk=", "$type" : "00" }, "keyId" : { "$numberLong" : "6696944227487580161" } } } }}}]; nested exception is com.mongodb.MongoTimeoutException: Timed out after 30000 ms while waiting for a server that matches WritableServerSelector. Client view of cluster state is {type=UNKNOWN, servers=[{address=ds363996.mlab.com:63996, type=UNKNOWN, state=CONNECTING, exception={com.mongodb.MongoSecurityException: Exception authenticating MongoCredential{mechanism=null, userName='CloudFoundry_4lu8afsf_6ctgt8de_apn5fbaf', source='admin', password=<hidden>, mechanismProperties={}}}, caused by {com.mongodb.MongoCommandException: Command failed with error 18: 'Authentication failed.' on server ds363996.mlab.com:63996. The full response is { "ok" : 0.0, "errmsg" : "Authentication failed.", "code" : 18, "codeName" : "AuthenticationFailed", "operationTime" : { "$timestamp" : { "t" : 1560601538, "i" : 1 } }, "$clusterTime" : { "clusterTime" : { "$timestamp" : { "t" : 1560601538, "i" : 1 } }, "signature" : { "hash" : { "$binary" : "++Z4s8nTIrz2mYZVXMz+g2RI9Jk=", "$type" : "00" }, "keyId" : { "$numberLong" : "6696944227487580161" } } } }}}]
	at org.springframework.beans.factory.support.ConstructorResolver.instantiateUsingFactoryMethod(ConstructorResolver.java:599)
	at org.springframework.beans.factory.support.AbstractAutowireCapableBeanFactory.instantiateUsingFactoryMethod(AbstractAutowireCapableBeanFactory.java:1173)
	at org.springframework.beans.factory.support.AbstractAutowireCapableBeanFactory.createBeanInstance(AbstractAutowireCapableBeanFactory.java:1067)
	at org.springframework.beans.factory.support.AbstractAutowireCapableBeanFactory.doCreateBean(AbstractAutowireCapableBeanFactory.java:513)
	at org.springframework.beans.factory.support.AbstractAutowireCapableBeanFactory.createBean(AbstractAutowireCapableBeanFactory.java:483)
	at org.springframework.beans.factory.support.AbstractBeanFactory$1.getObject(AbstractBeanFactory.java:306)
	at org.springframework.beans.factory.support.DefaultSingletonBeanRegistry.getSingleton(DefaultSingletonBeanRegistry.java:230)
	at org.springframework.beans.factory.support.AbstractBeanFactory.doGetBean(AbstractBeanFactory.java:302)
	at org.springframework.beans.factory.support.AbstractBeanFactory.getBean(AbstractBeanFactory.java:197)
	at org.springframework.beans.factory.support.BeanDefinitionValueResolver.resolveReference(BeanDefinitionValueResolver.java:351)
	... 50 common frames omitted
Caused by: org.springframework.beans.BeanInstantiationException: Failed to instantiate [org.springframework.data.mongodb.core.MongoTemplate]: Factory method 'mongoTemplate' threw exception; nested exception is org.springframework.dao.DataAccessResourceFailureException: Timed out after 30000 ms while waiting for a server that matches WritableServerSelector. Client view of cluster state is {type=UNKNOWN, servers=[{address=ds363996.mlab.com:63996, type=UNKNOWN, state=CONNECTING, exception={com.mongodb.MongoSecurityException: Exception authenticating MongoCredential{mechanism=null, userName='CloudFoundry_4lu8afsf_6ctgt8de_apn5fbaf', source='admin', password=<hidden>, mechanismProperties={}}}, caused by {com.mongodb.MongoCommandException: Command failed with error 18: 'Authentication failed.' on server ds363996.mlab.com:63996. The full response is { "ok" : 0.0, "errmsg" : "Authentication failed.", "code" : 18, "codeName" : "AuthenticationFailed", "operationTime" : { "$timestamp" : { "t" : 1560601538, "i" : 1 } }, "$clusterTime" : { "clusterTime" : { "$timestamp" : { "t" : 1560601538, "i" : 1 } }, "signature" : { "hash" : { "$binary" : "++Z4s8nTIrz2mYZVXMz+g2RI9Jk=", "$type" : "00" }, "keyId" : { "$numberLong" : "6696944227487580161" } } } }}}]; nested exception is com.mongodb.MongoTimeoutException: Timed out after 30000 ms while waiting for a server that matches WritableServerSelector. Client view of cluster state is {type=UNKNOWN, servers=[{address=ds363996.mlab.com:63996, type=UNKNOWN, state=CONNECTING, exception={com.mongodb.MongoSecurityException: Exception authenticating MongoCredential{mechanism=null, userName='CloudFoundry_4lu8afsf_6ctgt8de_apn5fbaf', source='admin', password=<hidden>, mechanismProperties={}}}, caused by {com.mongodb.MongoCommandException: Command failed with error 18: 'Authentication failed.' on server ds363996.mlab.com:63996. The full response is { "ok" : 0.0, "errmsg" : "Authentication failed.", "code" : 18, "codeName" : "AuthenticationFailed", "operationTime" : { "$timestamp" : { "t" : 1560601538, "i" : 1 } }, "$clusterTime" : { "clusterTime" : { "$timestamp" : { "t" : 1560601538, "i" : 1 } }, "signature" : { "hash" : { "$binary" : "++Z4s8nTIrz2mYZVXMz+g2RI9Jk=", "$type" : "00" }, "keyId" : { "$numberLong" : "6696944227487580161" } } } }}}]
	at org.springframework.beans.factory.support.SimpleInstantiationStrategy.instantiate(SimpleInstantiationStrategy.java:189)
	at org.springframework.beans.factory.support.ConstructorResolver.instantiateUsingFactoryMethod(ConstructorResolver.java:588)
	... 59 common frames omitted
Caused by: org.springframework.dao.DataAccessResourceFailureException: Timed out after 30000 ms while waiting for a server that matches WritableServerSelector. Client view of cluster state is {type=UNKNOWN, servers=[{address=ds363996.mlab.com:63996, type=UNKNOWN, state=CONNECTING, exception={com.mongodb.MongoSecurityException: Exception authenticating MongoCredential{mechanism=null, userName='CloudFoundry_4lu8afsf_6ctgt8de_apn5fbaf', source='admin', password=<hidden>, mechanismProperties={}}}, caused by {com.mongodb.MongoCommandException: Command failed with error 18: 'Authentication failed.' on server ds363996.mlab.com:63996. The full response is { "ok" : 0.0, "errmsg" : "Authentication failed.", "code" : 18, "codeName" : "AuthenticationFailed", "operationTime" : { "$timestamp" : { "t" : 1560601538, "i" : 1 } }, "$clusterTime" : { "clusterTime" : { "$timestamp" : { "t" : 1560601538, "i" : 1 } }, "signature" : { "hash" : { "$binary" : "++Z4s8nTIrz2mYZVXMz+g2RI9Jk=", "$type" : "00" }, "keyId" : { "$numberLong" : "6696944227487580161" } } } }}}]; nested exception is com.mongodb.MongoTimeoutException: Timed out after 30000 ms while waiting for a server that matches WritableServerSelector. Client view of cluster state is {type=UNKNOWN, servers=[{address=ds363996.mlab.com:63996, type=UNKNOWN, state=CONNECTING, exception={com.mongodb.MongoSecurityException: Exception authenticating MongoCredential{mechanism=null, userName='CloudFoundry_4lu8afsf_6ctgt8de_apn5fbaf', source='admin', password=<hidden>, mechanismProperties={}}}, caused by {com.mongodb.MongoCommandException: Command failed with error 18: 'Authentication failed.' on server ds363996.mlab.com:63996. The full response is { "ok" : 0.0, "errmsg" : "Authentication failed.", "code" : 18, "codeName" : "AuthenticationFailed", "operationTime" : { "$timestamp" : { "t" : 1560601538, "i" : 1 } }, "$clusterTime" : { "clusterTime" : { "$timestamp" : { "t" : 1560601538, "i" : 1 } }, "signature" : { "hash" : { "$binary" : "++Z4s8nTIrz2mYZVXMz+g2RI9Jk=", "$type" : "00" }, "keyId" : { "$numberLong" : "6696944227487580161" } } } }}}]
	at org.springframework.data.mongodb.core.MongoExceptionTranslator.translateExceptionIfPossible(MongoExceptionTranslator.java:77)
	at org.springframework.data.mongodb.core.index.MongoPersistentEntityIndexCreator.createIndex(MongoPersistentEntityIndexCreator.java:162)
	at org.springframework.data.mongodb.core.index.MongoPersistentEntityIndexCreator.checkForAndCreateIndexes(MongoPersistentEntityIndexCreator.java:133)
	at org.springframework.data.mongodb.core.index.MongoPersistentEntityIndexCreator.checkForIndexes(MongoPersistentEntityIndexCreator.java:125)
	at org.springframework.data.mongodb.core.index.MongoPersistentEntityIndexCreator.<init>(MongoPersistentEntityIndexCreator.java:91)
	at org.springframework.data.mongodb.core.index.MongoPersistentEntityIndexCreator.<init>(MongoPersistentEntityIndexCreator.java:68)
	at org.springframework.data.mongodb.core.MongoTemplate.<init>(MongoTemplate.java:230)
	at org.springframework.boot.autoconfigure.data.mongo.MongoDataAutoConfiguration.mongoTemplate(MongoDataAutoConfiguration.java:101)
	at org.springframework.boot.autoconfigure.data.mongo.MongoDataAutoConfiguration$$EnhancerBySpringCGLIB$$c92977e1.CGLIB$mongoTemplate$1(<generated>)
	at org.springframework.boot.autoconfigure.data.mongo.MongoDataAutoConfiguration$$EnhancerBySpringCGLIB$$c92977e1$$FastClassBySpringCGLIB$$a4888e7.invoke(<generated>)
	at org.springframework.cglib.proxy.MethodProxy.invokeSuper(MethodProxy.java:228)
	at org.springframework.context.annotation.ConfigurationClassEnhancer$BeanMethodInterceptor.intercept(ConfigurationClassEnhancer.java:358)
	at org.springframework.boot.autoconfigure.data.mongo.MongoDataAutoConfiguration$$EnhancerBySpringCGLIB$$c92977e1.mongoTemplate(<generated>)
	at sun.reflect.NativeMethodAccessorImpl.invoke0(Native Method)
	at sun.reflect.NativeMethodAccessorImpl.invoke(NativeMethodAccessorImpl.java:62)
	at sun.reflect.DelegatingMethodAccessorImpl.invoke(DelegatingMethodAccessorImpl.java:43)
	at java.lang.reflect.Method.invoke(Method.java:498)
	at org.springframework.beans.factory.support.SimpleInstantiationStrategy.instantiate(SimpleInstantiationStrategy.java:162)
	... 60 common frames omitted
Caused by: com.mongodb.MongoTimeoutException: Timed out after 30000 ms while waiting for a server that matches WritableServerSelector. Client view of cluster state is {type=UNKNOWN, servers=[{address=ds363996.mlab.com:63996, type=UNKNOWN, state=CONNECTING, exception={com.mongodb.MongoSecurityException: Exception authenticating MongoCredential{mechanism=null, userName='CloudFoundry_4lu8afsf_6ctgt8de_apn5fbaf', source='admin', password=<hidden>, mechanismProperties={}}}, caused by {com.mongodb.MongoCommandException: Command failed with error 18: 'Authentication failed.' on server ds363996.mlab.com:63996. The full response is { "ok" : 0.0, "errmsg" : "Authentication failed.", "code" : 18, "codeName" : "AuthenticationFailed", "operationTime" : { "$timestamp" : { "t" : 1560601538, "i" : 1 } }, "$clusterTime" : { "clusterTime" : { "$timestamp" : { "t" : 1560601538, "i" : 1 } }, "signature" : { "hash" : { "$binary" : "++Z4s8nTIrz2mYZVXMz+g2RI9Jk=", "$type" : "00" }, "keyId" : { "$numberLong" : "6696944227487580161" } } } }}}]
	at com.mongodb.connection.BaseCluster.createTimeoutException(BaseCluster.java:377)
	at com.mongodb.connection.BaseCluster.selectServer(BaseCluster.java:104)
	at com.mongodb.binding.ClusterBinding$ClusterBindingConnectionSource.<init>(ClusterBinding.java:75)
	at com.mongodb.binding.ClusterBinding$ClusterBindingConnectionSource.<init>(ClusterBinding.java:71)
	at com.mongodb.binding.ClusterBinding.getWriteConnectionSource(ClusterBinding.java:68)
	at com.mongodb.operation.OperationHelper.withConnection(OperationHelper.java:411)
	at com.mongodb.operation.CreateIndexesOperation.execute(CreateIndexesOperation.java:144)
	at com.mongodb.operation.CreateIndexesOperation.execute(CreateIndexesOperation.java:71)
	at com.mongodb.Mongo.execute(Mongo.java:845)
	at com.mongodb.Mongo$2.execute(Mongo.java:828)
	at com.mongodb.DBCollection.createIndex(DBCollection.java:1618)
	at org.springframework.data.mongodb.core.index.MongoPersistentEntityIndexCreator.createIndex(MongoPersistentEntityIndexCreator.java:142)
	... 76 common frames omitted

[[1;34mINFO[m] [1m------------------------------------------------------------------------[m
[[1;34mINFO[m] [1;32mBUILD SUCCESS[m
[[1;34mINFO[m] [1m------------------------------------------------------------------------[m
[[1;34mINFO[m] Total time:  48.520 s
[[1;34mINFO[m] Finished at: 2019-06-15T12:25:39Z
[[1;34mINFO[m] [1m------------------------------------------------------------------------[m
